<?xml version="1.0" encoding="UTF-8"?>
<testng-results ignored="0" total="1" passed="1" failed="0" skipped="0">
  <reporter-output>
  </reporter-output>
  <suite started-at="2023-04-30T11:55:05 IST" name="Default suite" finished-at="2023-04-30T11:55:05 IST" duration-ms="329">
    <groups>
    </groups>
    <test started-at="2023-04-30T11:55:05 IST" name="Default test" finished-at="2023-04-30T11:55:05 IST" duration-ms="329">
      <class name="AllTestCases.LoginVerify">
        <test-method is-config="true" signature="Start()[pri:0, instance:AllTestCases.LoginVerify@bd4dc25]" started-at="2023-04-30T11:54:53 IST" name="Start" finished-at="2023-04-30T11:55:05 IST" duration-ms="11809" status="PASS">
          <reporter-output>
          </reporter-output>
        </test-method> <!-- Start -->
        <test-method signature="VerifyLogin()[pri:0, instance:AllTestCases.LoginVerify@bd4dc25]" started-at="2023-04-30T11:55:05 IST" name="VerifyLogin" finished-at="2023-04-30T11:55:05 IST" duration-ms="296" status="PASS">
          <reporter-output>
          </reporter-output>
        </test-method> <!-- VerifyLogin -->
        <test-method is-config="true" signature="tear()[pri:0, instance:AllTestCases.LoginVerify@bd4dc25]" started-at="2023-04-30T11:55:05 IST" name="tear" finished-at="2023-04-30T11:55:05 IST" duration-ms="137" status="PASS">
          <reporter-output>
          </reporter-output>
        </test-method> <!-- tear -->
      </class> <!-- AllTestCases.LoginVerify -->
    </test> <!-- Default test -->
  </suite> <!-- Default suite -->
</testng-results>
